mode: set
github.com/Mitra-Apps/be-store-service/domain/product/repository/postgres/postgres.go:20.41,22.2 1 1
github.com/Mitra-Apps/be-store-service/domain/product/repository/postgres/postgres.go:24.157,29.27 3 0
github.com/Mitra-Apps/be-store-service/domain/product/repository/postgres/postgres.go:29.27,31.3 1 0
github.com/Mitra-Apps/be-store-service/domain/product/repository/postgres/postgres.go:32.2,32.26 1 0
github.com/Mitra-Apps/be-store-service/domain/product/repository/postgres/postgres.go:32.26,34.3 1 0
github.com/Mitra-Apps/be-store-service/domain/product/repository/postgres/postgres.go:35.2,37.16 3 0
github.com/Mitra-Apps/be-store-service/domain/product/repository/postgres/postgres.go:37.16,38.45 1 0
github.com/Mitra-Apps/be-store-service/domain/product/repository/postgres/postgres.go:38.45,40.4 1 0
github.com/Mitra-Apps/be-store-service/domain/product/repository/postgres/postgres.go:41.3,41.18 1 0
github.com/Mitra-Apps/be-store-service/domain/product/repository/postgres/postgres.go:43.2,43.19 1 0
github.com/Mitra-Apps/be-store-service/domain/product/repository/postgres/postgres.go:46.95,51.21 3 0
github.com/Mitra-Apps/be-store-service/domain/product/repository/postgres/postgres.go:51.21,52.50 1 0
github.com/Mitra-Apps/be-store-service/domain/product/repository/postgres/postgres.go:52.50,54.4 1 0
github.com/Mitra-Apps/be-store-service/domain/product/repository/postgres/postgres.go:55.3,55.23 1 0
github.com/Mitra-Apps/be-store-service/domain/product/repository/postgres/postgres.go:57.2,57.19 1 0
github.com/Mitra-Apps/be-store-service/domain/product/repository/postgres/postgres.go:60.132,62.26 2 1
github.com/Mitra-Apps/be-store-service/domain/product/repository/postgres/postgres.go:62.26,64.3 1 1
github.com/Mitra-Apps/be-store-service/domain/product/repository/postgres/postgres.go:65.2,69.21 3 1
github.com/Mitra-Apps/be-store-service/domain/product/repository/postgres/postgres.go:69.21,70.50 1 1
github.com/Mitra-Apps/be-store-service/domain/product/repository/postgres/postgres.go:70.50,72.4 1 0
github.com/Mitra-Apps/be-store-service/domain/product/repository/postgres/postgres.go:73.3,73.23 1 1
github.com/Mitra-Apps/be-store-service/domain/product/repository/postgres/postgres.go:75.2,75.19 1 0
github.com/Mitra-Apps/be-store-service/domain/product/repository/postgres/postgres.go:78.66,80.12 2 1
github.com/Mitra-Apps/be-store-service/domain/product/repository/postgres/postgres.go:80.12,82.3 1 1
github.com/Mitra-Apps/be-store-service/domain/product/repository/postgres/postgres.go:83.2,83.15 1 1
github.com/Mitra-Apps/be-store-service/domain/product/repository/postgres/postgres.go:86.42,89.2 2 0
github.com/Mitra-Apps/be-store-service/domain/product/repository/postgres/postgres.go:91.46,92.15 1 0
github.com/Mitra-Apps/be-store-service/domain/product/repository/postgres/postgres.go:92.15,94.3 1 0
github.com/Mitra-Apps/be-store-service/domain/product/repository/postgres/postgres.go:96.2,96.18 1 0
github.com/Mitra-Apps/be-store-service/domain/product/repository/postgres/postgres.go:96.18,98.3 1 0
github.com/Mitra-Apps/be-store-service/domain/product/repository/postgres/postgres.go:100.2,100.45 1 0
github.com/Mitra-Apps/be-store-service/domain/product/repository/postgres/postgres.go:100.45,102.3 1 0
github.com/Mitra-Apps/be-store-service/domain/product/repository/postgres/postgres.go:103.2,103.12 1 0
github.com/Mitra-Apps/be-store-service/domain/product/repository/postgres/postgres.go:106.90,109.51 2 1
github.com/Mitra-Apps/be-store-service/domain/product/repository/postgres/postgres.go:109.51,112.3 2 1
github.com/Mitra-Apps/be-store-service/domain/product/repository/postgres/postgres.go:114.2,114.18 1 0
github.com/Mitra-Apps/be-store-service/domain/product/repository/postgres/postgres.go:114.18,116.3 1 0
github.com/Mitra-Apps/be-store-service/domain/product/repository/postgres/postgres.go:118.2,118.12 1 0
github.com/Mitra-Apps/be-store-service/domain/product/repository/postgres/postgres.go:121.105,124.56 2 0
github.com/Mitra-Apps/be-store-service/domain/product/repository/postgres/postgres.go:124.56,127.3 2 0
github.com/Mitra-Apps/be-store-service/domain/product/repository/postgres/postgres.go:129.2,129.18 1 0
github.com/Mitra-Apps/be-store-service/domain/product/repository/postgres/postgres.go:129.18,131.3 1 0
github.com/Mitra-Apps/be-store-service/domain/product/repository/postgres/postgres.go:133.2,133.12 1 0
github.com/Mitra-Apps/be-store-service/domain/product/repository/postgres/postgres.go:136.108,139.16 3 0
github.com/Mitra-Apps/be-store-service/domain/product/repository/postgres/postgres.go:139.16,140.45 1 0
github.com/Mitra-Apps/be-store-service/domain/product/repository/postgres/postgres.go:140.45,142.4 1 0
github.com/Mitra-Apps/be-store-service/domain/product/repository/postgres/postgres.go:143.3,143.18 1 0
github.com/Mitra-Apps/be-store-service/domain/product/repository/postgres/postgres.go:145.2,145.18 1 0
github.com/Mitra-Apps/be-store-service/domain/product/repository/postgres/postgres.go:148.112,151.16 3 0
github.com/Mitra-Apps/be-store-service/domain/product/repository/postgres/postgres.go:151.16,152.45 1 0
github.com/Mitra-Apps/be-store-service/domain/product/repository/postgres/postgres.go:152.45,154.4 1 0
github.com/Mitra-Apps/be-store-service/domain/product/repository/postgres/postgres.go:155.3,155.18 1 0
github.com/Mitra-Apps/be-store-service/domain/product/repository/postgres/postgres.go:157.2,157.18 1 0
github.com/Mitra-Apps/be-store-service/domain/product/repository/postgres/postgres.go:160.106,163.16 3 0
github.com/Mitra-Apps/be-store-service/domain/product/repository/postgres/postgres.go:163.16,164.45 1 0
github.com/Mitra-Apps/be-store-service/domain/product/repository/postgres/postgres.go:164.45,166.4 1 0
github.com/Mitra-Apps/be-store-service/domain/product/repository/postgres/postgres.go:167.3,167.18 1 0
github.com/Mitra-Apps/be-store-service/domain/product/repository/postgres/postgres.go:170.2,170.18 1 0
github.com/Mitra-Apps/be-store-service/domain/product/repository/postgres/postgres.go:173.119,177.27 4 0
github.com/Mitra-Apps/be-store-service/domain/product/repository/postgres/postgres.go:177.27,179.3 1 0
github.com/Mitra-Apps/be-store-service/domain/product/repository/postgres/postgres.go:180.2,183.16 3 0
github.com/Mitra-Apps/be-store-service/domain/product/repository/postgres/postgres.go:183.16,184.45 1 0
github.com/Mitra-Apps/be-store-service/domain/product/repository/postgres/postgres.go:184.45,186.4 1 0
github.com/Mitra-Apps/be-store-service/domain/product/repository/postgres/postgres.go:187.3,187.18 1 0
github.com/Mitra-Apps/be-store-service/domain/product/repository/postgres/postgres.go:189.2,189.17 1 0
github.com/Mitra-Apps/be-store-service/domain/product/repository/postgres/postgres.go:192.113,195.16 3 0
github.com/Mitra-Apps/be-store-service/domain/product/repository/postgres/postgres.go:195.16,196.45 1 0
github.com/Mitra-Apps/be-store-service/domain/product/repository/postgres/postgres.go:196.45,198.4 1 0
github.com/Mitra-Apps/be-store-service/domain/product/repository/postgres/postgres.go:199.3,199.18 1 0
github.com/Mitra-Apps/be-store-service/domain/product/repository/postgres/postgres.go:201.2,201.18 1 0
github.com/Mitra-Apps/be-store-service/domain/product/repository/postgres/postgres.go:204.94,207.43 2 0
github.com/Mitra-Apps/be-store-service/domain/product/repository/postgres/postgres.go:207.43,210.3 2 0
github.com/Mitra-Apps/be-store-service/domain/product/repository/postgres/postgres.go:212.2,212.42 1 0
github.com/Mitra-Apps/be-store-service/domain/product/repository/postgres/postgres.go:212.42,214.3 1 0
github.com/Mitra-Apps/be-store-service/domain/product/repository/postgres/postgres.go:216.2,216.12 1 0
github.com/Mitra-Apps/be-store-service/domain/product/repository/postgres/postgres.go:219.124,223.27 4 0
github.com/Mitra-Apps/be-store-service/domain/product/repository/postgres/postgres.go:223.27,225.3 1 0
github.com/Mitra-Apps/be-store-service/domain/product/repository/postgres/postgres.go:226.2,229.16 3 0
github.com/Mitra-Apps/be-store-service/domain/product/repository/postgres/postgres.go:229.16,230.45 1 0
github.com/Mitra-Apps/be-store-service/domain/product/repository/postgres/postgres.go:230.45,232.4 1 0
github.com/Mitra-Apps/be-store-service/domain/product/repository/postgres/postgres.go:233.3,233.18 1 0
github.com/Mitra-Apps/be-store-service/domain/product/repository/postgres/postgres.go:235.2,235.17 1 0
github.com/Mitra-Apps/be-store-service/domain/product/repository/postgres/postgres.go:238.112,241.16 3 0
github.com/Mitra-Apps/be-store-service/domain/product/repository/postgres/postgres.go:241.16,242.45 1 0
github.com/Mitra-Apps/be-store-service/domain/product/repository/postgres/postgres.go:242.45,244.4 1 0
github.com/Mitra-Apps/be-store-service/domain/product/repository/postgres/postgres.go:245.3,245.18 1 0
github.com/Mitra-Apps/be-store-service/domain/product/repository/postgres/postgres.go:247.2,247.18 1 0
github.com/Mitra-Apps/be-store-service/domain/product/repository/postgres/postgres.go:250.107,255.16 3 0
github.com/Mitra-Apps/be-store-service/domain/product/repository/postgres/postgres.go:255.16,256.45 1 0
github.com/Mitra-Apps/be-store-service/domain/product/repository/postgres/postgres.go:256.45,258.4 1 0
github.com/Mitra-Apps/be-store-service/domain/product/repository/postgres/postgres.go:259.3,259.18 1 0
github.com/Mitra-Apps/be-store-service/domain/product/repository/postgres/postgres.go:261.2,261.18 1 0
github.com/Mitra-Apps/be-store-service/domain/product/repository/postgres/postgres.go:264.107,266.2 1 0
github.com/Mitra-Apps/be-store-service/domain/product/repository/postgres/postgres.go:268.129,271.16 3 0
github.com/Mitra-Apps/be-store-service/domain/product/repository/postgres/postgres.go:271.16,272.45 1 0
github.com/Mitra-Apps/be-store-service/domain/product/repository/postgres/postgres.go:272.45,274.4 1 0
github.com/Mitra-Apps/be-store-service/domain/product/repository/postgres/postgres.go:275.3,275.18 1 0
github.com/Mitra-Apps/be-store-service/domain/product/repository/postgres/postgres.go:277.2,277.23 1 0
github.com/Mitra-Apps/be-store-service/domain/product/repository/postgres/postgres.go:280.140,284.27 4 0
github.com/Mitra-Apps/be-store-service/domain/product/repository/postgres/postgres.go:284.27,286.3 1 0
github.com/Mitra-Apps/be-store-service/domain/product/repository/postgres/postgres.go:287.2,290.16 3 0
github.com/Mitra-Apps/be-store-service/domain/product/repository/postgres/postgres.go:290.16,291.45 1 0
github.com/Mitra-Apps/be-store-service/domain/product/repository/postgres/postgres.go:291.45,293.4 1 0
github.com/Mitra-Apps/be-store-service/domain/product/repository/postgres/postgres.go:294.3,294.18 1 0
github.com/Mitra-Apps/be-store-service/domain/product/repository/postgres/postgres.go:296.2,296.19 1 0
github.com/Mitra-Apps/be-store-service/domain/product/repository/postgres/postgres.go:299.110,302.16 3 0
github.com/Mitra-Apps/be-store-service/domain/product/repository/postgres/postgres.go:302.16,303.45 1 0
github.com/Mitra-Apps/be-store-service/domain/product/repository/postgres/postgres.go:303.45,305.4 1 0
github.com/Mitra-Apps/be-store-service/domain/product/repository/postgres/postgres.go:306.3,306.18 1 0
github.com/Mitra-Apps/be-store-service/domain/product/repository/postgres/postgres.go:308.2,308.23 1 0
github.com/Mitra-Apps/be-store-service/domain/product/repository/postgres/postgres.go:311.95,314.48 2 0
github.com/Mitra-Apps/be-store-service/domain/product/repository/postgres/postgres.go:314.48,317.3 2 0
github.com/Mitra-Apps/be-store-service/domain/product/repository/postgres/postgres.go:319.2,319.42 1 0
github.com/Mitra-Apps/be-store-service/domain/product/repository/postgres/postgres.go:319.42,321.3 1 0
github.com/Mitra-Apps/be-store-service/domain/product/repository/postgres/postgres.go:323.2,323.12 1 0
github.com/Mitra-Apps/be-store-service/domain/store/repository/postgres/postgres.go:20.65,22.2 1 1
github.com/Mitra-Apps/be-store-service/domain/store/repository/postgres/postgres.go:24.97,27.45 2 1
github.com/Mitra-Apps/be-store-service/domain/store/repository/postgres/postgres.go:27.45,30.3 2 1
github.com/Mitra-Apps/be-store-service/domain/store/repository/postgres/postgres.go:32.2,32.42 1 0
github.com/Mitra-Apps/be-store-service/domain/store/repository/postgres/postgres.go:32.42,34.3 1 0
github.com/Mitra-Apps/be-store-service/domain/store/repository/postgres/postgres.go:36.2,36.19 1 0
github.com/Mitra-Apps/be-store-service/domain/store/repository/postgres/postgres.go:39.89,49.16 3 0
github.com/Mitra-Apps/be-store-service/domain/store/repository/postgres/postgres.go:49.16,50.45 1 0
github.com/Mitra-Apps/be-store-service/domain/store/repository/postgres/postgres.go:50.45,52.4 1 0
github.com/Mitra-Apps/be-store-service/domain/store/repository/postgres/postgres.go:53.3,53.86 1 0
github.com/Mitra-Apps/be-store-service/domain/store/repository/postgres/postgres.go:55.2,55.20 1 0
github.com/Mitra-Apps/be-store-service/domain/store/repository/postgres/postgres.go:58.98,59.27 1 0
github.com/Mitra-Apps/be-store-service/domain/store/repository/postgres/postgres.go:59.27,61.3 1 0
github.com/Mitra-Apps/be-store-service/domain/store/repository/postgres/postgres.go:63.2,63.67 1 0
github.com/Mitra-Apps/be-store-service/domain/store/repository/postgres/postgres.go:63.67,80.17 2 0
github.com/Mitra-Apps/be-store-service/domain/store/repository/postgres/postgres.go:80.17,81.37 1 0
github.com/Mitra-Apps/be-store-service/domain/store/repository/postgres/postgres.go:81.37,83.5 1 0
github.com/Mitra-Apps/be-store-service/domain/store/repository/postgres/postgres.go:85.4,85.75 1 0
github.com/Mitra-Apps/be-store-service/domain/store/repository/postgres/postgres.go:88.3,88.76 1 0
github.com/Mitra-Apps/be-store-service/domain/store/repository/postgres/postgres.go:88.76,90.4 1 0
github.com/Mitra-Apps/be-store-service/domain/store/repository/postgres/postgres.go:92.3,92.78 1 0
github.com/Mitra-Apps/be-store-service/domain/store/repository/postgres/postgres.go:92.78,94.4 1 0
github.com/Mitra-Apps/be-store-service/domain/store/repository/postgres/postgres.go:96.3,96.80 1 0
github.com/Mitra-Apps/be-store-service/domain/store/repository/postgres/postgres.go:96.80,98.4 1 0
github.com/Mitra-Apps/be-store-service/domain/store/repository/postgres/postgres.go:100.3,100.13 1 0
github.com/Mitra-Apps/be-store-service/domain/store/repository/postgres/postgres.go:102.2,102.16 1 0
github.com/Mitra-Apps/be-store-service/domain/store/repository/postgres/postgres.go:102.16,104.3 1 0
github.com/Mitra-Apps/be-store-service/domain/store/repository/postgres/postgres.go:106.2,106.44 1 0
github.com/Mitra-Apps/be-store-service/domain/store/repository/postgres/postgres.go:110.120,112.16 2 0
github.com/Mitra-Apps/be-store-service/domain/store/repository/postgres/postgres.go:112.16,114.3 1 0
github.com/Mitra-Apps/be-store-service/domain/store/repository/postgres/postgres.go:116.2,116.79 1 0
github.com/Mitra-Apps/be-store-service/domain/store/repository/postgres/postgres.go:116.79,118.3 1 0
github.com/Mitra-Apps/be-store-service/domain/store/repository/postgres/postgres.go:120.2,120.27 1 0
github.com/Mitra-Apps/be-store-service/domain/store/repository/postgres/postgres.go:120.27,121.107 1 0
github.com/Mitra-Apps/be-store-service/domain/store/repository/postgres/postgres.go:121.107,123.4 1 0
github.com/Mitra-Apps/be-store-service/domain/store/repository/postgres/postgres.go:125.3,125.25 1 0
github.com/Mitra-Apps/be-store-service/domain/store/repository/postgres/postgres.go:125.25,126.47 1 0
github.com/Mitra-Apps/be-store-service/domain/store/repository/postgres/postgres.go:126.47,128.5 1 0
github.com/Mitra-Apps/be-store-service/domain/store/repository/postgres/postgres.go:131.3,131.73 1 0
github.com/Mitra-Apps/be-store-service/domain/store/repository/postgres/postgres.go:131.73,133.4 1 0
github.com/Mitra-Apps/be-store-service/domain/store/repository/postgres/postgres.go:136.2,136.12 1 0
github.com/Mitra-Apps/be-store-service/domain/store/repository/postgres/postgres.go:140.123,141.92 1 0
github.com/Mitra-Apps/be-store-service/domain/store/repository/postgres/postgres.go:141.92,143.3 1 0
github.com/Mitra-Apps/be-store-service/domain/store/repository/postgres/postgres.go:145.2,145.20 1 0
github.com/Mitra-Apps/be-store-service/domain/store/repository/postgres/postgres.go:145.20,147.3 1 0
github.com/Mitra-Apps/be-store-service/domain/store/repository/postgres/postgres.go:149.2,149.12 1 0
github.com/Mitra-Apps/be-store-service/domain/store/repository/postgres/postgres.go:153.126,154.93 1 0
github.com/Mitra-Apps/be-store-service/domain/store/repository/postgres/postgres.go:154.93,156.3 1 0
github.com/Mitra-Apps/be-store-service/domain/store/repository/postgres/postgres.go:158.2,158.21 1 0
github.com/Mitra-Apps/be-store-service/domain/store/repository/postgres/postgres.go:158.21,160.3 1 0
github.com/Mitra-Apps/be-store-service/domain/store/repository/postgres/postgres.go:162.2,162.12 1 0
github.com/Mitra-Apps/be-store-service/domain/store/repository/postgres/postgres.go:165.79,166.67 1 0
github.com/Mitra-Apps/be-store-service/domain/store/repository/postgres/postgres.go:166.67,167.103 1 0
github.com/Mitra-Apps/be-store-service/domain/store/repository/postgres/postgres.go:167.103,169.4 1 0
github.com/Mitra-Apps/be-store-service/domain/store/repository/postgres/postgres.go:171.3,171.98 1 0
github.com/Mitra-Apps/be-store-service/domain/store/repository/postgres/postgres.go:171.98,173.4 1 0
github.com/Mitra-Apps/be-store-service/domain/store/repository/postgres/postgres.go:175.3,175.99 1 0
github.com/Mitra-Apps/be-store-service/domain/store/repository/postgres/postgres.go:175.99,177.4 1 0
github.com/Mitra-Apps/be-store-service/domain/store/repository/postgres/postgres.go:179.3,179.95 1 0
github.com/Mitra-Apps/be-store-service/domain/store/repository/postgres/postgres.go:179.95,181.4 1 0
github.com/Mitra-Apps/be-store-service/domain/store/repository/postgres/postgres.go:183.3,183.71 1 0
github.com/Mitra-Apps/be-store-service/domain/store/repository/postgres/postgres.go:187.97,190.148 3 0
github.com/Mitra-Apps/be-store-service/domain/store/repository/postgres/postgres.go:190.148,192.3 1 0
github.com/Mitra-Apps/be-store-service/domain/store/repository/postgres/postgres.go:193.2,193.20 1 0
github.com/Mitra-Apps/be-store-service/domain/store/repository/postgres/postgres.go:196.96,199.21 2 1
github.com/Mitra-Apps/be-store-service/domain/store/repository/postgres/postgres.go:199.21,201.3 1 0
github.com/Mitra-Apps/be-store-service/domain/store/repository/postgres/postgres.go:202.2,202.12 1 1
github.com/Mitra-Apps/be-store-service/domain/store/repository/postgres/postgres.go:206.99,212.65 2 0
github.com/Mitra-Apps/be-store-service/domain/store/repository/postgres/postgres.go:212.65,213.45 1 0
github.com/Mitra-Apps/be-store-service/domain/store/repository/postgres/postgres.go:213.45,215.4 1 0
github.com/Mitra-Apps/be-store-service/domain/store/repository/postgres/postgres.go:217.3,217.18 1 0
github.com/Mitra-Apps/be-store-service/domain/store/repository/postgres/postgres.go:220.2,220.20 1 0
github.com/Mitra-Apps/be-store-service/domain/store/repository/storage/storage.go:31.31,41.16 6 0
github.com/Mitra-Apps/be-store-service/domain/store/repository/storage/storage.go:41.16,43.3 1 0
github.com/Mitra-Apps/be-store-service/domain/store/repository/storage/storage.go:45.2,49.3 1 0
github.com/Mitra-Apps/be-store-service/domain/store/repository/storage/storage.go:52.90,55.16 3 0
github.com/Mitra-Apps/be-store-service/domain/store/repository/storage/storage.go:55.16,57.3 1 0
github.com/Mitra-Apps/be-store-service/domain/store/repository/storage/storage.go:59.2,63.42 4 0
github.com/Mitra-Apps/be-store-service/domain/store/repository/storage/storage.go:63.42,64.44 1 0
github.com/Mitra-Apps/be-store-service/domain/store/repository/storage/storage.go:64.44,66.9 2 0
github.com/Mitra-Apps/be-store-service/domain/store/repository/storage/storage.go:70.2,70.25 1 0
github.com/Mitra-Apps/be-store-service/domain/store/repository/storage/storage.go:70.25,72.3 1 0
github.com/Mitra-Apps/be-store-service/domain/store/repository/storage/storage.go:74.2,74.37 1 0
github.com/Mitra-Apps/be-store-service/domain/store/repository/storage/storage.go:74.37,76.3 1 0
github.com/Mitra-Apps/be-store-service/domain/store/repository/storage/storage.go:78.2,82.16 4 0
github.com/Mitra-Apps/be-store-service/domain/store/repository/storage/storage.go:82.16,84.3 1 0
github.com/Mitra-Apps/be-store-service/domain/store/repository/storage/storage.go:86.2,86.93 1 0
github.com/Mitra-Apps/be-store-service/handler/grpc/grpc.go:26.57,30.2 1 0
github.com/Mitra-Apps/be-store-service/handler/grpc/grpc.go:32.115,33.42 1 0
github.com/Mitra-Apps/be-store-service/handler/grpc/grpc.go:33.42,35.65 2 0
github.com/Mitra-Apps/be-store-service/handler/grpc/grpc.go:35.65,36.39 1 0
github.com/Mitra-Apps/be-store-service/handler/grpc/grpc.go:36.39,37.81 1 0
github.com/Mitra-Apps/be-store-service/handler/grpc/grpc.go:37.81,49.6 3 0
github.com/Mitra-Apps/be-store-service/handler/grpc/grpc.go:53.3,53.23 1 0
github.com/Mitra-Apps/be-store-service/handler/grpc/grpc.go:56.2,57.51 2 0
github.com/Mitra-Apps/be-store-service/handler/grpc/grpc.go:57.51,59.3 1 0
github.com/Mitra-Apps/be-store-service/handler/grpc/grpc.go:61.2,62.16 2 0
github.com/Mitra-Apps/be-store-service/handler/grpc/grpc.go:62.16,64.3 1 0
github.com/Mitra-Apps/be-store-service/handler/grpc/grpc.go:66.2,70.8 1 0
github.com/Mitra-Apps/be-store-service/handler/grpc/grpc.go:73.106,74.42 1 0
github.com/Mitra-Apps/be-store-service/handler/grpc/grpc.go:74.42,76.3 1 0
github.com/Mitra-Apps/be-store-service/handler/grpc/grpc.go:78.2,79.16 2 0
github.com/Mitra-Apps/be-store-service/handler/grpc/grpc.go:79.16,81.3 1 0
github.com/Mitra-Apps/be-store-service/handler/grpc/grpc.go:83.2,83.18 1 0
github.com/Mitra-Apps/be-store-service/handler/grpc/grpc.go:83.18,89.3 1 0
github.com/Mitra-Apps/be-store-service/handler/grpc/grpc.go:91.2,95.8 1 0
github.com/Mitra-Apps/be-store-service/handler/grpc/grpc.go:98.115,99.42 1 0
github.com/Mitra-Apps/be-store-service/handler/grpc/grpc.go:99.42,101.3 1 0
github.com/Mitra-Apps/be-store-service/handler/grpc/grpc.go:103.2,104.51 2 0
github.com/Mitra-Apps/be-store-service/handler/grpc/grpc.go:104.51,106.3 1 0
github.com/Mitra-Apps/be-store-service/handler/grpc/grpc.go:108.2,109.16 2 0
github.com/Mitra-Apps/be-store-service/handler/grpc/grpc.go:109.16,111.3 1 0
github.com/Mitra-Apps/be-store-service/handler/grpc/grpc.go:113.2,117.8 1 0
github.com/Mitra-Apps/be-store-service/handler/grpc/grpc.go:120.104,121.34 1 0
github.com/Mitra-Apps/be-store-service/handler/grpc/grpc.go:121.34,123.17 2 0
github.com/Mitra-Apps/be-store-service/handler/grpc/grpc.go:123.17,125.4 1 0
github.com/Mitra-Apps/be-store-service/handler/grpc/grpc.go:128.2,128.68 1 0
github.com/Mitra-Apps/be-store-service/handler/grpc/grpc.go:131.112,132.39 1 0
github.com/Mitra-Apps/be-store-service/handler/grpc/grpc.go:132.39,134.3 1 0
github.com/Mitra-Apps/be-store-service/handler/grpc/grpc.go:136.2,137.16 2 0
github.com/Mitra-Apps/be-store-service/handler/grpc/grpc.go:137.16,139.3 1 0
github.com/Mitra-Apps/be-store-service/handler/grpc/grpc.go:141.2,146.31 2 0
github.com/Mitra-Apps/be-store-service/handler/grpc/grpc.go:146.31,148.3 1 0
github.com/Mitra-Apps/be-store-service/handler/grpc/grpc.go:150.2,150.20 1 0
github.com/Mitra-Apps/be-store-service/handler/grpc/grpc.go:153.130,155.16 2 0
github.com/Mitra-Apps/be-store-service/handler/grpc/grpc.go:155.16,157.3 1 0
github.com/Mitra-Apps/be-store-service/handler/grpc/grpc.go:158.2,159.16 2 0
github.com/Mitra-Apps/be-store-service/handler/grpc/grpc.go:159.16,161.3 1 0
github.com/Mitra-Apps/be-store-service/handler/grpc/grpc.go:163.2,163.18 1 0
github.com/Mitra-Apps/be-store-service/handler/grpc/grpc.go:163.18,168.3 1 0
github.com/Mitra-Apps/be-store-service/handler/grpc/grpc.go:170.2,174.8 1 0
github.com/Mitra-Apps/be-store-service/handler/grpc/grpc.go:177.124,178.39 1 1
github.com/Mitra-Apps/be-store-service/handler/grpc/grpc.go:178.39,180.3 1 0
github.com/Mitra-Apps/be-store-service/handler/grpc/grpc.go:182.2,183.16 2 1
github.com/Mitra-Apps/be-store-service/handler/grpc/grpc.go:183.16,185.3 1 1
github.com/Mitra-Apps/be-store-service/handler/grpc/grpc.go:187.2,188.16 2 0
github.com/Mitra-Apps/be-store-service/handler/grpc/grpc.go:188.16,190.3 1 0
github.com/Mitra-Apps/be-store-service/handler/grpc/grpc.go:191.2,194.8 1 0
github.com/Mitra-Apps/be-store-service/handler/grpc/grpc.go:197.124,199.16 2 0
github.com/Mitra-Apps/be-store-service/handler/grpc/grpc.go:199.16,201.3 1 0
github.com/Mitra-Apps/be-store-service/handler/grpc/grpc.go:203.2,204.36 2 0
github.com/Mitra-Apps/be-store-service/handler/grpc/grpc.go:204.36,206.55 2 0
github.com/Mitra-Apps/be-store-service/handler/grpc/grpc.go:206.55,208.4 1 0
github.com/Mitra-Apps/be-store-service/handler/grpc/grpc.go:209.3,209.41 1 0
github.com/Mitra-Apps/be-store-service/handler/grpc/grpc.go:212.2,212.53 1 0
github.com/Mitra-Apps/be-store-service/handler/grpc/grpc.go:212.53,214.3 1 0
github.com/Mitra-Apps/be-store-service/handler/grpc/grpc.go:216.2,216.42 1 0
github.com/Mitra-Apps/be-store-service/handler/grpc/grpc.go:216.42,218.3 1 0
github.com/Mitra-Apps/be-store-service/handler/grpc/grpc.go:220.2,221.16 2 0
github.com/Mitra-Apps/be-store-service/handler/grpc/grpc.go:221.16,223.3 1 0
github.com/Mitra-Apps/be-store-service/handler/grpc/grpc.go:225.2,226.16 2 0
github.com/Mitra-Apps/be-store-service/handler/grpc/grpc.go:226.16,228.3 1 0
github.com/Mitra-Apps/be-store-service/handler/grpc/grpc.go:230.2,233.8 1 0
github.com/Mitra-Apps/be-store-service/handler/grpc/grpc.go:236.60,237.29 1 0
github.com/Mitra-Apps/be-store-service/handler/grpc/grpc.go:237.29,238.19 1 0
github.com/Mitra-Apps/be-store-service/handler/grpc/grpc.go:238.19,240.4 1 0
github.com/Mitra-Apps/be-store-service/handler/grpc/grpc.go:241.3,241.19 1 0
github.com/Mitra-Apps/be-store-service/handler/grpc/grpc.go:241.19,243.4 1 0
github.com/Mitra-Apps/be-store-service/handler/grpc/grpc.go:244.3,244.19 1 0
github.com/Mitra-Apps/be-store-service/handler/grpc/grpc.go:244.19,246.4 1 0
github.com/Mitra-Apps/be-store-service/handler/grpc/grpc.go:247.3,247.27 1 0
github.com/Mitra-Apps/be-store-service/handler/grpc/grpc.go:247.27,249.4 1 0
github.com/Mitra-Apps/be-store-service/handler/grpc/grpc.go:251.2,251.12 1 0
github.com/Mitra-Apps/be-store-service/handler/grpc/grpc.go:254.139,255.24 1 0
github.com/Mitra-Apps/be-store-service/handler/grpc/grpc.go:255.24,257.3 1 0
github.com/Mitra-Apps/be-store-service/handler/grpc/grpc.go:258.2,258.26 1 0
github.com/Mitra-Apps/be-store-service/handler/grpc/grpc.go:258.26,260.3 1 0
github.com/Mitra-Apps/be-store-service/handler/grpc/grpc.go:262.2,263.47 2 0
github.com/Mitra-Apps/be-store-service/handler/grpc/grpc.go:263.47,265.3 1 0
github.com/Mitra-Apps/be-store-service/handler/grpc/grpc.go:267.2,268.16 2 0
github.com/Mitra-Apps/be-store-service/handler/grpc/grpc.go:268.16,270.3 1 0
github.com/Mitra-Apps/be-store-service/handler/grpc/grpc.go:271.2,273.65 2 0
github.com/Mitra-Apps/be-store-service/handler/grpc/grpc.go:273.65,275.3 1 0
github.com/Mitra-Apps/be-store-service/handler/grpc/grpc.go:277.2,280.8 1 0
github.com/Mitra-Apps/be-store-service/handler/grpc/grpc.go:283.139,284.39 1 0
github.com/Mitra-Apps/be-store-service/handler/grpc/grpc.go:284.39,286.3 1 0
github.com/Mitra-Apps/be-store-service/handler/grpc/grpc.go:288.2,289.47 2 0
github.com/Mitra-Apps/be-store-service/handler/grpc/grpc.go:289.47,291.3 1 0
github.com/Mitra-Apps/be-store-service/handler/grpc/grpc.go:293.2,294.16 2 0
github.com/Mitra-Apps/be-store-service/handler/grpc/grpc.go:294.16,296.3 1 0
github.com/Mitra-Apps/be-store-service/handler/grpc/grpc.go:297.2,299.76 2 0
github.com/Mitra-Apps/be-store-service/handler/grpc/grpc.go:299.76,301.3 1 0
github.com/Mitra-Apps/be-store-service/handler/grpc/grpc.go:303.2,306.8 1 0
github.com/Mitra-Apps/be-store-service/handler/grpc/grpc.go:309.145,310.21 1 0
github.com/Mitra-Apps/be-store-service/handler/grpc/grpc.go:310.21,312.3 1 0
github.com/Mitra-Apps/be-store-service/handler/grpc/grpc.go:314.2,314.42 1 0
github.com/Mitra-Apps/be-store-service/handler/grpc/grpc.go:314.42,316.75 2 0
github.com/Mitra-Apps/be-store-service/handler/grpc/grpc.go:316.75,317.39 1 0
github.com/Mitra-Apps/be-store-service/handler/grpc/grpc.go:317.39,318.91 1 0
github.com/Mitra-Apps/be-store-service/handler/grpc/grpc.go:318.91,328.6 2 0
github.com/Mitra-Apps/be-store-service/handler/grpc/grpc.go:332.3,332.23 1 0
github.com/Mitra-Apps/be-store-service/handler/grpc/grpc.go:335.2,336.16 2 0
github.com/Mitra-Apps/be-store-service/handler/grpc/grpc.go:336.16,338.3 1 0
github.com/Mitra-Apps/be-store-service/handler/grpc/grpc.go:340.2,344.70 4 0
github.com/Mitra-Apps/be-store-service/handler/grpc/grpc.go:344.70,346.3 1 0
github.com/Mitra-Apps/be-store-service/handler/grpc/grpc.go:348.2,351.8 1 0
github.com/Mitra-Apps/be-store-service/handler/grpc/grpc.go:354.145,355.22 1 0
github.com/Mitra-Apps/be-store-service/handler/grpc/grpc.go:355.22,357.3 1 0
github.com/Mitra-Apps/be-store-service/handler/grpc/grpc.go:359.2,359.42 1 0
github.com/Mitra-Apps/be-store-service/handler/grpc/grpc.go:362.133,363.32 1 0
github.com/Mitra-Apps/be-store-service/handler/grpc/grpc.go:363.32,365.3 1 0
github.com/Mitra-Apps/be-store-service/handler/grpc/grpc.go:367.2,367.44 1 0
github.com/Mitra-Apps/be-store-service/handler/grpc/grpc.go:367.44,369.3 1 0
github.com/Mitra-Apps/be-store-service/handler/grpc/grpc.go:371.2,372.60 2 0
github.com/Mitra-Apps/be-store-service/handler/grpc/grpc.go:372.60,374.3 1 0
github.com/Mitra-Apps/be-store-service/handler/grpc/grpc.go:376.2,377.16 2 0
github.com/Mitra-Apps/be-store-service/handler/grpc/grpc.go:377.16,379.3 1 0
github.com/Mitra-Apps/be-store-service/handler/grpc/grpc.go:380.2,382.68 2 0
github.com/Mitra-Apps/be-store-service/handler/grpc/grpc.go:382.68,384.3 1 0
github.com/Mitra-Apps/be-store-service/handler/grpc/grpc.go:386.2,389.8 1 0
github.com/Mitra-Apps/be-store-service/handler/grpc/grpc.go:392.133,394.16 2 0
github.com/Mitra-Apps/be-store-service/handler/grpc/grpc.go:394.16,396.3 1 0
github.com/Mitra-Apps/be-store-service/handler/grpc/grpc.go:397.2,398.24 2 0
github.com/Mitra-Apps/be-store-service/handler/grpc/grpc.go:398.24,400.3 1 0
github.com/Mitra-Apps/be-store-service/handler/grpc/grpc.go:401.2,405.8 1 0
github.com/Mitra-Apps/be-store-service/handler/grpc/grpc.go:408.124,410.16 2 0
github.com/Mitra-Apps/be-store-service/handler/grpc/grpc.go:410.16,412.3 1 0
github.com/Mitra-Apps/be-store-service/handler/grpc/grpc.go:413.2,414.16 2 0
github.com/Mitra-Apps/be-store-service/handler/grpc/grpc.go:414.16,416.3 1 0
github.com/Mitra-Apps/be-store-service/handler/grpc/grpc.go:417.2,421.8 1 0
github.com/Mitra-Apps/be-store-service/handler/grpc/grpc.go:424.124,425.42 1 0
github.com/Mitra-Apps/be-store-service/handler/grpc/grpc.go:425.42,427.3 1 0
github.com/Mitra-Apps/be-store-service/handler/grpc/grpc.go:428.2,429.16 2 0
github.com/Mitra-Apps/be-store-service/handler/grpc/grpc.go:429.16,431.3 1 0
github.com/Mitra-Apps/be-store-service/handler/grpc/grpc.go:432.2,433.28 2 0
github.com/Mitra-Apps/be-store-service/handler/grpc/grpc.go:433.28,435.3 1 0
github.com/Mitra-Apps/be-store-service/handler/grpc/grpc.go:436.2,437.16 2 0
github.com/Mitra-Apps/be-store-service/handler/grpc/grpc.go:437.16,439.3 1 0
github.com/Mitra-Apps/be-store-service/handler/grpc/grpc.go:440.2,441.29 2 0
github.com/Mitra-Apps/be-store-service/handler/grpc/grpc.go:441.29,443.3 1 0
github.com/Mitra-Apps/be-store-service/handler/grpc/grpc.go:444.2,448.8 1 0
github.com/Mitra-Apps/be-store-service/handler/grpc/grpc.go:451.142,453.16 2 0
github.com/Mitra-Apps/be-store-service/handler/grpc/grpc.go:453.16,455.3 1 0
github.com/Mitra-Apps/be-store-service/handler/grpc/grpc.go:456.2,457.24 2 0
github.com/Mitra-Apps/be-store-service/handler/grpc/grpc.go:457.24,459.3 1 0
github.com/Mitra-Apps/be-store-service/handler/grpc/grpc.go:460.2,464.8 1 0
github.com/Mitra-Apps/be-store-service/handler/grpc/grpc.go:467.127,469.16 2 0
github.com/Mitra-Apps/be-store-service/handler/grpc/grpc.go:469.16,471.3 1 0
github.com/Mitra-Apps/be-store-service/handler/grpc/grpc.go:472.2,473.29 2 0
github.com/Mitra-Apps/be-store-service/handler/grpc/grpc.go:473.29,475.3 1 0
github.com/Mitra-Apps/be-store-service/handler/grpc/grpc.go:476.2,480.8 1 0
